<?xml version="1.0" encoding="UTF-8"?>
<!-- Generated by org.testng.reporters.JUnitReportReporter -->
<testsuite skipped="0" hostname="Sherabs-MacBook-Air.local" name="test_Scripts.TestScript7" tests="1" failures="0" timestamp="19 Jun 2022 06:32:03 GMT" time="6.149" errors="0">
  <testcase name="testscript7" time="6.149" classname="test_Scripts.TestScript7"/>
</testsuite> <!-- test_Scripts.TestScript7 -->
