<?xml version="1.0" encoding="UTF-8"?>
<!-- Generated by org.testng.reporters.JUnitReportReporter -->
<testsuite hostname="Sherabs-MacBook-Air.local" failures="0" tests="1" name="test_Scripts.TestScript1" time="1.593" errors="0" timestamp="17 Jun 2022 15:24:59 GMT" skipped="0">
  <testcase classname="test_Scripts.TestScript1" name="testScript1" time="1.593"/>
</testsuite> <!-- test_Scripts.TestScript1 -->
