<?xml version="1.0" encoding="UTF-8"?>
<!-- Generated by org.testng.reporters.JUnitReportReporter -->
<testsuite skipped="0" hostname="Sherabs-MacBook-Air.local" name="test_Scripts.TestScript8" tests="1" failures="0" timestamp="19 Jun 2022 06:42:40 GMT" time="6.467" errors="0">
  <testcase name="testscript8" time="6.467" classname="test_Scripts.TestScript8"/>
</testsuite> <!-- test_Scripts.TestScript8 -->
