<?xml version="1.0" encoding="UTF-8"?>
<!-- Generated by org.testng.reporters.JUnitReportReporter -->
<testsuite skipped="0" hostname="Sherabs-MacBook-Air.local" name="test_Scripts.TestScript15" tests="1" failures="0" timestamp="19 Jun 2022 08:38:53 GMT" time="7.023" errors="0">
  <testcase name="testscript15" time="7.023" classname="test_Scripts.TestScript15"/>
</testsuite> <!-- test_Scripts.TestScript15 -->
