<?xml version="1.0" encoding="UTF-8"?>
<!-- Generated by org.testng.reporters.JUnitReportReporter -->
<testsuite skipped="0" hostname="Sherabs-MacBook-Air.local" name="test_Scripts.TestScript4" tests="1" failures="0" timestamp="18 Jun 2022 17:41:01 GMT" time="8.000" errors="0">
  <testcase name="testscript4" time="8.000" classname="test_Scripts.TestScript4"/>
</testsuite> <!-- test_Scripts.TestScript4 -->
