<?xml version="1.0" encoding="UTF-8"?>
<!-- Generated by org.testng.reporters.JUnitReportReporter -->
<testsuite skipped="0" hostname="Sherabs-MacBook-Air.local" name="test_Scripts.TestScript2" tests="1" failures="0" timestamp="18 Jun 2022 13:23:16 GMT" time="2.927" errors="0">
  <testcase name="testScript1" time="2.927" classname="test_Scripts.TestScript2"/>
</testsuite> <!-- test_Scripts.TestScript2 -->
