<?xml version="1.0" encoding="UTF-8"?>
<!-- Generated by org.testng.reporters.JUnitReportReporter -->
<testsuite skipped="0" hostname="Sherabs-MacBook-Air.local" name="test_Scripts.TestScript9" tests="1" failures="0" timestamp="19 Jun 2022 06:57:32 GMT" time="4.381" errors="0">
  <testcase name="testscript9" time="4.381" classname="test_Scripts.TestScript9"/>
</testsuite> <!-- test_Scripts.TestScript9 -->
