<?xml version="1.0" encoding="UTF-8"?>
<!-- Generated by org.testng.reporters.JUnitReportReporter -->
<testsuite skipped="0" hostname="Sherabs-MacBook-Air.local" name="test_Scripts.TestScript10" tests="1" failures="0" timestamp="19 Jun 2022 07:10:19 GMT" time="4.561" errors="0">
  <testcase name="testscript10" time="4.561" classname="test_Scripts.TestScript10"/>
</testsuite> <!-- test_Scripts.TestScript10 -->
