<?xml version="1.0" encoding="UTF-8"?>
<!-- Generated by org.testng.reporters.JUnitReportReporter -->
<testsuite hostname="Sherabs-MacBook-Air.local" failures="0" tests="1" name="test_Scripts.TS1" time="2.458" errors="0" timestamp="17 Jun 2022 15:45:13 GMT" skipped="0">
  <testcase classname="test_Scripts.TS1" name="testscript1" time="2.458"/>
</testsuite> <!-- test_Scripts.TS1 -->
