<?xml version="1.0" encoding="UTF-8"?>
<!-- Generated by org.testng.reporters.JUnitReportReporter -->
<testsuite skipped="0" hostname="Sherabs-MacBook-Air.local" name="test_Scripts.TestScript16" tests="1" failures="0" timestamp="19 Jun 2022 08:50:27 GMT" time="3.075" errors="0">
  <testcase name="testscript16" time="3.075" classname="test_Scripts.TestScript16"/>
</testsuite> <!-- test_Scripts.TestScript16 -->
