<?xml version="1.0" encoding="UTF-8"?>
<!-- Generated by org.testng.reporters.JUnitReportReporter -->
<testsuite skipped="0" hostname="Sherabs-MacBook-Air.local" name="test_Scripts.TestScript14" tests="1" failures="0" timestamp="19 Jun 2022 07:40:35 GMT" time="7.423" errors="0">
  <testcase name="testscript14" time="7.423" classname="test_Scripts.TestScript14"/>
</testsuite> <!-- test_Scripts.TestScript14 -->
