<?xml version="1.0" encoding="UTF-8"?>
<!-- Generated by org.testng.reporters.JUnitReportReporter -->
<testsuite skipped="0" hostname="Sherabs-MacBook-Air.local" name="test_Scripts.TestScript17" tests="1" failures="0" timestamp="19 Jun 2022 11:34:46 GMT" time="5.191" errors="0">
  <testcase name="testscript17" time="5.191" classname="test_Scripts.TestScript17"/>
</testsuite> <!-- test_Scripts.TestScript17 -->
