<?xml version="1.0" encoding="UTF-8"?>
<!-- Generated by org.testng.reporters.JUnitReportReporter -->
<testsuite skipped="0" hostname="Sherabs-MacBook-Air.local" name="test_Scripts.TestScript20" tests="1" failures="0" timestamp="19 Jun 2022 13:23:23 GMT" time="5.468" errors="0">
  <testcase name="testscript20" time="5.468" classname="test_Scripts.TestScript20"/>
</testsuite> <!-- test_Scripts.TestScript20 -->
