<?xml version="1.0" encoding="UTF-8"?>
<!-- Generated by org.testng.reporters.JUnitReportReporter -->
<testsuite skipped="0" hostname="Sherabs-MacBook-Air.local" name="test_Scripts.TestScript3" tests="1" failures="0" timestamp="18 Jun 2022 16:59:15 GMT" time="6.301" errors="0">
  <testcase name="testscript3" time="6.301" classname="test_Scripts.TestScript3"/>
</testsuite> <!-- test_Scripts.TestScript3 -->
