<?xml version="1.0" encoding="UTF-8"?>
<!-- Generated by org.testng.reporters.JUnitReportReporter -->
<testsuite skipped="0" hostname="Sherabs-MacBook-Air.local" name="test_Scripts.TestScript18" tests="1" failures="0" timestamp="19 Jun 2022 12:25:33 GMT" time="5.746" errors="0">
  <testcase name="testscript18" time="5.746" classname="test_Scripts.TestScript18"/>
</testsuite> <!-- test_Scripts.TestScript18 -->
